{
"contracts/CookerStaking.sol":{"l":{"124":38,"125":38,"126":38,"127":38,"128":38,"131":38,"132":38,"134":38,"138":38,"150":2779,"151":2842,"162":1245,"163":1259,"174":1213,"175":1217,"193":147,"194":3,"197":147,"199":623,"203":623,"207":602,"214":21,"219":623,"220":623,"221":623,"222":623,"225":623,"226":632,"227":632,"228":632,"229":632,"230":603,"233":603,"236":632,"237":31,"239":31,"241":601,"255":9,"257":9,"260":9,"263":5,"264":5,"268":3,"270":2,"273":2,"274":2,"277":2,"278":2,"281":2,"282":2,"284":2,"285":2,"288":2,"289":2,"295":3,"306":6,"309":4,"310":4,"312":4,"314":13,"315":13,"319":12,"322":12,"323":12,"326":12,"327":12,"330":12,"331":12,"333":12,"334":12,"337":12,"338":10,"344":12,"349":4,"358":96,"359":96,"361":96,"362":94,"366":92,"369":92,"372":92,"373":88,"374":1,"376":88,"377":88,"378":88,"379":88,"383":92,"387":92,"390":92,"392":92,"410":9,"411":9,"414":9,"415":0,"421":9,"422":8,"423":8,"425":1,"428":9,"433":9,"434":6,"435":3,"436":3,"437":3,"439":3,"440":3,"442":6,"443":6,"445":3,"446":3,"449":9,"450":9,"455":9,"456":3,"457":3,"459":3,"460":3,"463":9,"465":9,"466":4,"482":9,"483":9,"485":9,"487":9,"490":9,"491":9,"494":9,"496":9,"498":9,"499":9,"511":11,"512":11,"513":11,"524":4,"525":4,"526":13,"539":126,"541":126,"542":0,"546":126,"551":126,"552":105,"556":21,"559":21,"560":21,"561":21,"564":21,"568":21,"569":2,"570":2,"573":2,"574":1,"575":1,"577":1,"578":1,"580":2,"582":19,"585":21,"604":82,"608":82,"612":82,"613":3,"616":79,"617":79,"620":79,"621":79,"622":79,"623":79,"624":79,"631":79,"635":4553,"638":4553,"639":921,"640":921,"641":921,"651":3632,"652":6,"653":6,"654":6,"659":3632,"660":3632,"661":3632,"662":3632,"663":3632,"666":3632,"667":17,"669":17,"671":3615,"675":3632,"676":6,"677":6,"682":3632,"683":3632,"684":3632,"690":4553,"691":4482,"692":4482,"693":4482,"694":4482,"697":4553,"699":75,"700":75,"701":75,"705":4553,"707":95,"709":95,"711":95,"713":95,"714":95,"716":4458,"721":79,"734":9,"748":1,"752":1,"758":1,"766":6,"773":1,"774":1,"782":1,"783":1,"791":1,"792":1,"820":3,"821":3,"822":3,"830":648,"831":648,"832":0,"840":8,"841":2,"842":2,"843":2,"844":2,"859":335,"871":0,"873":0,"883":7,"887":2},"path":"/Users/Baas/repos/cooker/repos/staking/contracts/contracts/CookerStaking.sol","s":{"1":38,"2":38,"3":38,"4":38,"5":38,"6":38,"7":38,"8":38,"9":38,"10":2779,"11":2842,"12":1245,"13":1259,"14":1213,"15":1217,"16":147,"17":3,"18":147,"19":623,"20":623,"21":602,"22":21,"23":623,"24":623,"25":623,"26":623,"27":632,"28":632,"29":632,"30":632,"31":603,"32":603,"33":632,"34":31,"35":31,"36":601,"37":9,"38":9,"39":9,"40":5,"41":5,"42":3,"43":2,"44":2,"45":2,"46":2,"47":2,"48":2,"49":2,"50":2,"51":2,"52":3,"53":6,"54":4,"55":4,"56":4,"57":13,"58":13,"59":12,"60":12,"61":12,"62":12,"63":12,"64":12,"65":12,"66":12,"67":10,"68":12,"69":4,"70":96,"71":96,"72":96,"73":94,"74":92,"75":92,"76":92,"77":88,"78":1,"79":88,"80":88,"81":88,"82":92,"83":92,"84":92,"85":92,"86":9,"87":9,"88":9,"89":0,"90":9,"91":8,"92":8,"93":1,"94":9,"95":9,"96":6,"97":3,"98":3,"99":3,"100":3,"101":3,"102":6,"103":6,"104":3,"105":3,"106":9,"107":9,"108":9,"109":3,"110":3,"111":3,"112":9,"113":9,"114":4,"115":9,"116":9,"117":9,"118":9,"119":9,"120":9,"121":9,"122":9,"123":9,"124":9,"125":11,"126":11,"127":11,"128":4,"129":4,"130":13,"131":126,"132":126,"133":0,"134":126,"135":126,"136":105,"137":21,"138":21,"139":21,"140":21,"141":21,"142":21,"143":2,"144":2,"145":2,"146":1,"147":1,"148":1,"149":2,"150":19,"151":21,"152":82,"153":82,"154":82,"155":3,"156":79,"157":79,"158":79,"159":79,"160":79,"161":79,"162":79,"163":79,"164":4553,"165":4553,"166":921,"167":921,"168":921,"169":3632,"170":6,"171":6,"172":6,"173":3632,"174":3632,"175":3632,"176":3632,"177":3632,"178":3632,"179":17,"180":17,"181":3615,"182":3632,"183":6,"184":6,"185":3632,"186":3632,"187":3632,"188":4553,"189":4482,"190":4482,"191":4482,"192":4482,"193":4553,"194":75,"195":75,"196":75,"197":4553,"198":95,"199":95,"200":95,"201":95,"202":95,"203":4458,"204":79,"205":9,"206":1,"207":1,"208":1,"209":6,"210":1,"211":1,"212":1,"213":1,"214":1,"215":1,"216":3,"217":3,"218":3,"219":648,"220":648,"221":0,"222":8,"223":2,"224":2,"225":2,"226":335,"227":0,"228":0,"229":7,"230":2},"b":{"1":[3,144],"2":[602,21],"3":[603,29],"4":[31,601],"5":[5,4],"6":[3,2],"7":[2,1],"8":[2,0],"9":[4,2],"10":[1,12],"11":[12,0],"12":[10,2],"13":[94,2],"14":[92,2],"15":[88,4],"16":[1,87],"17":[0,9],"18":[8,1],"19":[9,0],"20":[6,3],"21":[3,3],"22":[3,6],"23":[4,5],"24":[9,0],"25":[9,0],"26":[0,126],"27":[105,21],"28":[2,19],"29":[1,1],"30":[3,79],"31":[921,3632],"32":[6,3626],"33":[3632,0],"34":[17,3615],"35":[6,3626],"36":[4482,71],"37":[75,4478],"38":[95,4458],"39":[1,0],"40":[0,648],"41":[2,6],"42":[2,0]},"f":{"1":38,"2":2779,"3":1245,"4":1213,"5":147,"6":9,"7":6,"8":96,"9":9,"10":9,"11":11,"12":4,"13":126,"14":82,"15":9,"16":1,"17":6,"18":1,"19":1,"20":1,"21":3,"22":648,"23":8,"24":335,"25":0,"26":7,"27":2},"fnMap":{"1":{"name":"constructor","line":113,"loc":{"start":{"line":113,"column":4},"end":{"line":139,"column":4}}},"2":{"name":"totalStakingBalance","line":149,"loc":{"start":{"line":149,"column":4},"end":{"line":153,"column":4}}},"3":{"name":"totalNewStake","line":161,"loc":{"start":{"line":161,"column":4},"end":{"line":165,"column":4}}},"4":{"name":"totalLockedRewards","line":173,"loc":{"start":{"line":173,"column":4},"end":{"line":177,"column":4}}},"5":{"name":"handleNewPeriod","line":191,"loc":{"start":{"line":191,"column":4},"end":{"line":245,"column":4}}},"6":{"name":"increaseWeight","line":253,"loc":{"start":{"line":253,"column":4},"end":{"line":296,"column":4}}},"7":{"name":"updateWeightBatch","line":304,"loc":{"start":{"line":304,"column":4},"end":{"line":350,"column":4}}},"8":{"name":"stake","line":356,"loc":{"start":{"line":356,"column":4},"end":{"line":393,"column":4}}},"9":{"name":"requestWithdrawal","line":409,"loc":{"start":{"line":409,"column":4},"end":{"line":469,"column":4}}},"10":{"name":"withdrawFunds","line":481,"loc":{"start":{"line":481,"column":4},"end":{"line":500,"column":4}}},"11":{"name":"claimRewards","line":509,"loc":{"start":{"line":509,"column":4},"end":{"line":514,"column":4}}},"12":{"name":"claimRewardsAsOwner","line":522,"loc":{"start":{"line":522,"column":4},"end":{"line":528,"column":4}}},"13":{"name":"handleRewards","line":538,"loc":{"start":{"line":538,"column":4},"end":{"line":587,"column":4}}},"14":{"name":"calculateRewards","line":602,"loc":{"start":{"line":602,"column":4},"end":{"line":722,"column":4}}},"15":{"name":"_recoverSigner","line":733,"loc":{"start":{"line":733,"column":4},"end":{"line":735,"column":4}}},"16":{"name":"withdrawRemainingFunds","line":745,"loc":{"start":{"line":745,"column":4},"end":{"line":759,"column":4}}},"17":{"name":"updateSignatureAddress","line":765,"loc":{"start":{"line":765,"column":4},"end":{"line":767,"column":4}}},"18":{"name":"updateMaxNumberOfPeriods","line":772,"loc":{"start":{"line":772,"column":4},"end":{"line":775,"column":4}}},"19":{"name":"updateCoolDownPeriod","line":781,"loc":{"start":{"line":781,"column":4},"end":{"line":784,"column":4}}},"20":{"name":"updateEarlyWithdrawalFee","line":790,"loc":{"start":{"line":790,"column":4},"end":{"line":793,"column":4}}},"21":{"name":"updateExtraRewardMultiplier","line":819,"loc":{"start":{"line":819,"column":4},"end":{"line":823,"column":4}}},"22":{"name":"currentPeriod","line":829,"loc":{"start":{"line":829,"column":4},"end":{"line":834,"column":4}}},"23":{"name":"handleDecreasingMaxWeight","line":839,"loc":{"start":{"line":839,"column":4},"end":{"line":848,"column":4}}},"24":{"name":"activeStakeholder","line":858,"loc":{"start":{"line":858,"column":4},"end":{"line":862,"column":4}}},"25":{"name":"balanceOf","line":870,"loc":{"start":{"line":870,"column":4},"end":{"line":878,"column":4}}},"26":{"name":"checkUpkeep","line":882,"loc":{"start":{"line":882,"column":4},"end":{"line":884,"column":4}}},"27":{"name":"performUpkeep","line":886,"loc":{"start":{"line":886,"column":4},"end":{"line":888,"column":4}}}},"statementMap":{"1":{"start":{"line":124,"column":8},"end":{"line":124,"column":47}},"2":{"start":{"line":125,"column":8},"end":{"line":125,"column":51}},"3":{"start":{"line":126,"column":8},"end":{"line":126,"column":53}},"4":{"start":{"line":127,"column":8},"end":{"line":127,"column":27}},"5":{"start":{"line":128,"column":8},"end":{"line":128,"column":47}},"6":{"start":{"line":131,"column":8},"end":{"line":131,"column":43}},"7":{"start":{"line":132,"column":8},"end":{"line":132,"column":49}},"8":{"start":{"line":134,"column":8},"end":{"line":134,"column":34}},"9":{"start":{"line":138,"column":8},"end":{"line":138,"column":70}},"10":{"start":{"line":150,"column":8},"end":{"line":150,"column":6933}},"11":{"start":{"line":151,"column":12},"end":{"line":151,"column":98}},"12":{"start":{"line":162,"column":8},"end":{"line":162,"column":7544}},"13":{"start":{"line":163,"column":12},"end":{"line":163,"column":66}},"14":{"start":{"line":174,"column":8},"end":{"line":174,"column":8162}},"15":{"start":{"line":175,"column":12},"end":{"line":175,"column":74}},"16":{"start":{"line":193,"column":8},"end":{"line":193,"column":9014}},"17":{"start":{"line":194,"column":12},"end":{"line":194,"column":38}},"18":{"start":{"line":197,"column":8},"end":{"line":197,"column":9177}},"19":{"start":{"line":199,"column":12},"end":{"line":199,"column":66}},"20":{"start":{"line":203,"column":12},"end":{"line":203,"column":9517}},"21":{"start":{"line":207,"column":16},"end":{"line":207,"column":9814}},"22":{"start":{"line":214,"column":16},"end":{"line":214,"column":68}},"23":{"start":{"line":220,"column":12},"end":{"line":220,"column":126}},"24":{"start":{"line":221,"column":12},"end":{"line":221,"column":102}},"25":{"start":{"line":222,"column":12},"end":{"line":222,"column":114}},"26":{"start":{"line":225,"column":12},"end":{"line":225,"column":10752}},"27":{"start":{"line":226,"column":16},"end":{"line":226,"column":154}},"28":{"start":{"line":227,"column":16},"end":{"line":227,"column":36}},"29":{"start":{"line":228,"column":16},"end":{"line":228,"column":34}},"30":{"start":{"line":229,"column":16},"end":{"line":229,"column":11075}},"31":{"start":{"line":230,"column":20},"end":{"line":230,"column":11244}},"32":{"start":{"line":233,"column":20},"end":{"line":233,"column":89}},"33":{"start":{"line":236,"column":16},"end":{"line":236,"column":11564}},"34":{"start":{"line":237,"column":20},"end":{"line":237,"column":11729}},"35":{"start":{"line":239,"column":20},"end":{"line":239,"column":45}},"36":{"start":{"line":241,"column":20},"end":{"line":241,"column":124}},"37":{"start":{"line":255,"column":8},"end":{"line":255,"column":39}},"38":{"start":{"line":257,"column":8},"end":{"line":257,"column":37}},"39":{"start":{"line":260,"column":8},"end":{"line":260,"column":12621}},"40":{"start":{"line":263,"column":8},"end":{"line":263,"column":62}},"41":{"start":{"line":264,"column":8},"end":{"line":264,"column":66}},"42":{"start":{"line":268,"column":8},"end":{"line":268,"column":12915}},"43":{"start":{"line":270,"column":12},"end":{"line":270,"column":56}},"44":{"start":{"line":273,"column":12},"end":{"line":273,"column":115}},"45":{"start":{"line":274,"column":12},"end":{"line":274,"column":104}},"46":{"start":{"line":277,"column":12},"end":{"line":277,"column":69}},"47":{"start":{"line":278,"column":12},"end":{"line":278,"column":58}},"48":{"start":{"line":281,"column":12},"end":{"line":281,"column":79}},"49":{"start":{"line":282,"column":12},"end":{"line":282,"column":68}},"50":{"start":{"line":288,"column":12},"end":{"line":288,"column":13933}},"51":{"start":{"line":289,"column":16},"end":{"line":289,"column":68}},"52":{"start":{"line":295,"column":8},"end":{"line":295,"column":35}},"53":{"start":{"line":306,"column":8},"end":{"line":306,"column":74}},"54":{"start":{"line":309,"column":8},"end":{"line":309,"column":39}},"55":{"start":{"line":310,"column":8},"end":{"line":310,"column":41}},"56":{"start":{"line":312,"column":8},"end":{"line":312,"column":14748}},"57":{"start":{"line":314,"column":12},"end":{"line":314,"column":76}},"58":{"start":{"line":315,"column":12},"end":{"line":315,"column":59}},"59":{"start":{"line":319,"column":12},"end":{"line":319,"column":15025}},"60":{"start":{"line":322,"column":16},"end":{"line":322,"column":119}},"61":{"start":{"line":323,"column":16},"end":{"line":323,"column":112}},"62":{"start":{"line":326,"column":16},"end":{"line":326,"column":73}},"63":{"start":{"line":327,"column":16},"end":{"line":327,"column":66}},"64":{"start":{"line":330,"column":16},"end":{"line":330,"column":83}},"65":{"start":{"line":331,"column":16},"end":{"line":331,"column":76}},"66":{"start":{"line":337,"column":16},"end":{"line":337,"column":16032}},"67":{"start":{"line":338,"column":20},"end":{"line":338,"column":76}},"68":{"start":{"line":344,"column":12},"end":{"line":344,"column":43}},"69":{"start":{"line":349,"column":8},"end":{"line":349,"column":34}},"70":{"start":{"line":358,"column":8},"end":{"line":358,"column":39}},"71":{"start":{"line":359,"column":8},"end":{"line":359,"column":37}},"72":{"start":{"line":361,"column":8},"end":{"line":361,"column":49}},"73":{"start":{"line":362,"column":8},"end":{"line":362,"column":16821}},"74":{"start":{"line":366,"column":8},"end":{"line":366,"column":63}},"75":{"start":{"line":369,"column":8},"end":{"line":369,"column":62}},"76":{"start":{"line":372,"column":8},"end":{"line":372,"column":17151}},"77":{"start":{"line":373,"column":12},"end":{"line":373,"column":17207}},"78":{"start":{"line":374,"column":16},"end":{"line":374,"column":79}},"79":{"start":{"line":377,"column":12},"end":{"line":377,"column":50}},"80":{"start":{"line":378,"column":12},"end":{"line":378,"column":52}},"81":{"start":{"line":379,"column":12},"end":{"line":379,"column":37}},"82":{"start":{"line":383,"column":8},"end":{"line":383,"column":52}},"83":{"start":{"line":387,"column":8},"end":{"line":387,"column":36}},"84":{"start":{"line":390,"column":8},"end":{"line":390,"column":51}},"85":{"start":{"line":392,"column":8},"end":{"line":392,"column":36}},"86":{"start":{"line":410,"column":8},"end":{"line":410,"column":37}},"87":{"start":{"line":411,"column":8},"end":{"line":411,"column":62}},"88":{"start":{"line":414,"column":8},"end":{"line":414,"column":19333}},"89":{"start":{"line":415,"column":12},"end":{"line":415,"column":25}},"90":{"start":{"line":421,"column":8},"end":{"line":421,"column":19546}},"91":{"start":{"line":422,"column":12},"end":{"line":422,"column":43}},"92":{"start":{"line":423,"column":12},"end":{"line":423,"column":56}},"93":{"start":{"line":425,"column":12},"end":{"line":425,"column":52}},"94":{"start":{"line":428,"column":8},"end":{"line":428,"column":98}},"95":{"start":{"line":433,"column":8},"end":{"line":433,"column":20082}},"96":{"start":{"line":434,"column":12},"end":{"line":434,"column":20133}},"97":{"start":{"line":435,"column":16},"end":{"line":435,"column":73}},"98":{"start":{"line":436,"column":16},"end":{"line":436,"column":119}},"99":{"start":{"line":437,"column":16},"end":{"line":437,"column":45}},"100":{"start":{"line":439,"column":16},"end":{"line":439,"column":124}},"101":{"start":{"line":440,"column":16},"end":{"line":440,"column":76}},"102":{"start":{"line":442,"column":12},"end":{"line":442,"column":69}},"103":{"start":{"line":443,"column":12},"end":{"line":443,"column":35}},"104":{"start":{"line":445,"column":12},"end":{"line":445,"column":55}},"105":{"start":{"line":446,"column":12},"end":{"line":446,"column":41}},"106":{"start":{"line":449,"column":8},"end":{"line":449,"column":59}},"107":{"start":{"line":450,"column":8},"end":{"line":450,"column":42}},"108":{"start":{"line":455,"column":8},"end":{"line":455,"column":21129}},"109":{"start":{"line":456,"column":12},"end":{"line":456,"column":36}},"110":{"start":{"line":459,"column":12},"end":{"line":459,"column":38}},"111":{"start":{"line":460,"column":12},"end":{"line":460,"column":38}},"112":{"start":{"line":463,"column":8},"end":{"line":463,"column":70}},"113":{"start":{"line":465,"column":8},"end":{"line":465,"column":21481}},"114":{"start":{"line":466,"column":12},"end":{"line":466,"column":26}},"115":{"start":{"line":482,"column":8},"end":{"line":482,"column":37}},"116":{"start":{"line":483,"column":8},"end":{"line":483,"column":62}},"117":{"start":{"line":485,"column":8},"end":{"line":485,"column":22273}},"118":{"start":{"line":487,"column":8},"end":{"line":487,"column":69}},"119":{"start":{"line":490,"column":8},"end":{"line":490,"column":117}},"120":{"start":{"line":491,"column":8},"end":{"line":491,"column":119}},"121":{"start":{"line":494,"column":8},"end":{"line":494,"column":69}},"122":{"start":{"line":496,"column":8},"end":{"line":496,"column":61}},"123":{"start":{"line":498,"column":8},"end":{"line":498,"column":34}},"124":{"start":{"line":499,"column":8},"end":{"line":499,"column":36}},"125":{"start":{"line":511,"column":8},"end":{"line":511,"column":33}},"126":{"start":{"line":512,"column":8},"end":{"line":512,"column":49}},"127":{"start":{"line":513,"column":8},"end":{"line":513,"column":61}},"128":{"start":{"line":524,"column":8},"end":{"line":524,"column":39}},"129":{"start":{"line":525,"column":8},"end":{"line":525,"column":24211}},"130":{"start":{"line":526,"column":12},"end":{"line":526,"column":66}},"131":{"start":{"line":539,"column":8},"end":{"line":539,"column":74}},"132":{"start":{"line":541,"column":8},"end":{"line":541,"column":24945}},"133":{"start":{"line":542,"column":12},"end":{"line":542,"column":38}},"134":{"start":{"line":546,"column":8},"end":{"line":546,"column":25212}},"135":{"start":{"line":551,"column":8},"end":{"line":551,"column":25413}},"136":{"start":{"line":552,"column":16},"end":{"line":552,"column":22}},"137":{"start":{"line":556,"column":8},"end":{"line":556,"column":126}},"138":{"start":{"line":559,"column":8},"end":{"line":559,"column":65}},"139":{"start":{"line":560,"column":8},"end":{"line":560,"column":53}},"140":{"start":{"line":561,"column":8},"end":{"line":561,"column":63}},"141":{"start":{"line":564,"column":8},"end":{"line":564,"column":42}},"142":{"start":{"line":568,"column":8},"end":{"line":568,"column":26200}},"143":{"start":{"line":569,"column":12},"end":{"line":569,"column":95}},"144":{"start":{"line":570,"column":12},"end":{"line":570,"column":54}},"145":{"start":{"line":573,"column":12},"end":{"line":573,"column":26476}},"146":{"start":{"line":574,"column":16},"end":{"line":574,"column":40}},"147":{"start":{"line":577,"column":16},"end":{"line":577,"column":42}},"148":{"start":{"line":578,"column":16},"end":{"line":578,"column":54}},"149":{"start":{"line":580,"column":12},"end":{"line":580,"column":56}},"150":{"start":{"line":582,"column":12},"end":{"line":582,"column":47}},"151":{"start":{"line":585,"column":8},"end":{"line":585,"column":68}},"152":{"start":{"line":604,"column":8},"end":{"line":604,"column":53}},"153":{"start":{"line":608,"column":8},"end":{"line":608,"column":28187}},"154":{"start":{"line":612,"column":8},"end":{"line":612,"column":28345}},"155":{"start":{"line":613,"column":16},"end":{"line":613,"column":42}},"156":{"start":{"line":616,"column":8},"end":{"line":616,"column":54}},"157":{"start":{"line":617,"column":8},"end":{"line":617,"column":54}},"158":{"start":{"line":620,"column":8},"end":{"line":620,"column":17}},"159":{"start":{"line":621,"column":8},"end":{"line":621,"column":16}},"160":{"start":{"line":622,"column":8},"end":{"line":622,"column":16}},"161":{"start":{"line":623,"column":8},"end":{"line":623,"column":85}},"162":{"start":{"line":624,"column":8},"end":{"line":624,"column":85}},"163":{"start":{"line":631,"column":8},"end":{"line":631,"column":29149}},"164":{"start":{"line":635,"column":12},"end":{"line":635,"column":28}},"165":{"start":{"line":638,"column":12},"end":{"line":638,"column":29462}},"166":{"start":{"line":639,"column":16},"end":{"line":639,"column":46}},"167":{"start":{"line":640,"column":16},"end":{"line":640,"column":53}},"168":{"start":{"line":641,"column":16},"end":{"line":641,"column":59}},"169":{"start":{"line":651,"column":16},"end":{"line":651,"column":30238}},"170":{"start":{"line":652,"column":20},"end":{"line":652,"column":30295}},"171":{"start":{"line":653,"column":24},"end":{"line":653,"column":87}},"172":{"start":{"line":654,"column":24},"end":{"line":654,"column":52}},"173":{"start":{"line":659,"column":16},"end":{"line":659,"column":30609}},"174":{"start":{"line":660,"column":20},"end":{"line":660,"column":38}},"175":{"start":{"line":661,"column":20},"end":{"line":661,"column":30743}},"176":{"start":{"line":662,"column":24},"end":{"line":662,"column":76}},"177":{"start":{"line":663,"column":24},"end":{"line":663,"column":42}},"178":{"start":{"line":666,"column":20},"end":{"line":666,"column":30924}},"179":{"start":{"line":667,"column":24},"end":{"line":667,"column":31022}},"180":{"start":{"line":669,"column":24},"end":{"line":669,"column":33}},"181":{"start":{"line":671,"column":24},"end":{"line":671,"column":58}},"182":{"start":{"line":675,"column":16},"end":{"line":675,"column":31312}},"183":{"start":{"line":676,"column":20},"end":{"line":676,"column":31369}},"184":{"start":{"line":677,"column":24},"end":{"line":677,"column":50}},"185":{"start":{"line":682,"column":16},"end":{"line":682,"column":23}},"186":{"start":{"line":683,"column":16},"end":{"line":683,"column":31649}},"187":{"start":{"line":684,"column":20},"end":{"line":684,"column":39}},"188":{"start":{"line":690,"column":12},"end":{"line":690,"column":31839}},"189":{"start":{"line":691,"column":16},"end":{"line":691,"column":107}},"190":{"start":{"line":692,"column":16},"end":{"line":692,"column":40}},"191":{"start":{"line":693,"column":16},"end":{"line":693,"column":34}},"192":{"start":{"line":694,"column":16},"end":{"line":694,"column":50}},"193":{"start":{"line":697,"column":12},"end":{"line":697,"column":32122}},"194":{"start":{"line":699,"column":16},"end":{"line":699,"column":51}},"195":{"start":{"line":700,"column":16},"end":{"line":700,"column":65}},"196":{"start":{"line":701,"column":16},"end":{"line":701,"column":39}},"197":{"start":{"line":705,"column":12},"end":{"line":705,"column":32475}},"198":{"start":{"line":707,"column":16},"end":{"line":707,"column":56}},"199":{"start":{"line":709,"column":16},"end":{"line":709,"column":42}},"200":{"start":{"line":711,"column":16},"end":{"line":711,"column":64}},"201":{"start":{"line":713,"column":16},"end":{"line":713,"column":32}},"202":{"start":{"line":714,"column":16},"end":{"line":714,"column":44}},"203":{"start":{"line":716,"column":16},"end":{"line":716,"column":55}},"204":{"start":{"line":721,"column":8},"end":{"line":721,"column":64}},"205":{"start":{"line":734,"column":8},"end":{"line":734,"column":124}},"206":{"start":{"line":748,"column":8},"end":{"line":748,"column":34367}},"207":{"start":{"line":752,"column":16},"end":{"line":752,"column":34601}},"208":{"start":{"line":758,"column":8},"end":{"line":758,"column":45}},"209":{"start":{"line":766,"column":8},"end":{"line":766,"column":31}},"210":{"start":{"line":773,"column":8},"end":{"line":773,"column":33}},"211":{"start":{"line":774,"column":8},"end":{"line":774,"column":57}},"212":{"start":{"line":782,"column":8},"end":{"line":782,"column":23}},"213":{"start":{"line":783,"column":8},"end":{"line":783,"column":52}},"214":{"start":{"line":791,"column":8},"end":{"line":791,"column":33}},"215":{"start":{"line":792,"column":8},"end":{"line":792,"column":52}},"216":{"start":{"line":820,"column":8},"end":{"line":820,"column":39}},"217":{"start":{"line":821,"column":8},"end":{"line":821,"column":70}},"218":{"start":{"line":822,"column":8},"end":{"line":822,"column":59}},"219":{"start":{"line":830,"column":8},"end":{"line":830,"column":68}},"220":{"start":{"line":831,"column":8},"end":{"line":831,"column":37243}},"221":{"start":{"line":832,"column":12},"end":{"line":832,"column":38}},"222":{"start":{"line":840,"column":8},"end":{"line":840,"column":37489}},"223":{"start":{"line":841,"column":12},"end":{"line":841,"column":37625}},"224":{"start":{"line":842,"column":16},"end":{"line":842,"column":37721}},"225":{"start":{"line":843,"column":20},"end":{"line":843,"column":66}},"226":{"start":{"line":859,"column":8},"end":{"line":859,"column":38401}},"227":{"start":{"line":871,"column":12},"end":{"line":871,"column":114}},"228":{"start":{"line":873,"column":12},"end":{"line":873,"column":39134}},"229":{"start":{"line":883,"column":8},"end":{"line":883,"column":58}},"230":{"start":{"line":887,"column":8},"end":{"line":887,"column":39}}},"branchMap":{"1":{"line":193,"type":"if","locations":[{"start":{"line":193,"column":8},"end":{"line":193,"column":8}},{"start":{"line":193,"column":8},"end":{"line":193,"column":8}}]},"2":{"line":203,"type":"if","locations":[{"start":{"line":203,"column":12},"end":{"line":203,"column":12}},{"start":{"line":203,"column":12},"end":{"line":203,"column":12}}]},"3":{"line":229,"type":"if","locations":[{"start":{"line":229,"column":16},"end":{"line":229,"column":16}},{"start":{"line":229,"column":16},"end":{"line":229,"column":16}}]},"4":{"line":236,"type":"if","locations":[{"start":{"line":236,"column":16},"end":{"line":236,"column":16}},{"start":{"line":236,"column":16},"end":{"line":236,"column":16}}]},"5":{"line":260,"type":"if","locations":[{"start":{"line":260,"column":8},"end":{"line":260,"column":8}},{"start":{"line":260,"column":8},"end":{"line":260,"column":8}}]},"6":{"line":264,"type":"if","locations":[{"start":{"line":264,"column":8},"end":{"line":264,"column":8}},{"start":{"line":264,"column":8},"end":{"line":264,"column":8}}]},"7":{"line":268,"type":"if","locations":[{"start":{"line":268,"column":8},"end":{"line":268,"column":8}},{"start":{"line":268,"column":8},"end":{"line":268,"column":8}}]},"8":{"line":288,"type":"if","locations":[{"start":{"line":288,"column":12},"end":{"line":288,"column":12}},{"start":{"line":288,"column":12},"end":{"line":288,"column":12}}]},"9":{"line":306,"type":"if","locations":[{"start":{"line":306,"column":8},"end":{"line":306,"column":8}},{"start":{"line":306,"column":8},"end":{"line":306,"column":8}}]},"10":{"line":315,"type":"if","locations":[{"start":{"line":315,"column":12},"end":{"line":315,"column":12}},{"start":{"line":315,"column":12},"end":{"line":315,"column":12}}]},"11":{"line":319,"type":"if","locations":[{"start":{"line":319,"column":12},"end":{"line":319,"column":12}},{"start":{"line":319,"column":12},"end":{"line":319,"column":12}}]},"12":{"line":337,"type":"if","locations":[{"start":{"line":337,"column":16},"end":{"line":337,"column":16}},{"start":{"line":337,"column":16},"end":{"line":337,"column":16}}]},"13":{"line":361,"type":"if","locations":[{"start":{"line":361,"column":8},"end":{"line":361,"column":8}},{"start":{"line":361,"column":8},"end":{"line":361,"column":8}}]},"14":{"line":362,"type":"if","locations":[{"start":{"line":362,"column":8},"end":{"line":362,"column":8}},{"start":{"line":362,"column":8},"end":{"line":362,"column":8}}]},"15":{"line":372,"type":"if","locations":[{"start":{"line":372,"column":8},"end":{"line":372,"column":8}},{"start":{"line":372,"column":8},"end":{"line":372,"column":8}}]},"16":{"line":373,"type":"if","locations":[{"start":{"line":373,"column":12},"end":{"line":373,"column":12}},{"start":{"line":373,"column":12},"end":{"line":373,"column":12}}]},"17":{"line":414,"type":"if","locations":[{"start":{"line":414,"column":8},"end":{"line":414,"column":8}},{"start":{"line":414,"column":8},"end":{"line":414,"column":8}}]},"18":{"line":421,"type":"if","locations":[{"start":{"line":421,"column":8},"end":{"line":421,"column":8}},{"start":{"line":421,"column":8},"end":{"line":421,"column":8}}]},"19":{"line":428,"type":"if","locations":[{"start":{"line":428,"column":8},"end":{"line":428,"column":8}},{"start":{"line":428,"column":8},"end":{"line":428,"column":8}}]},"20":{"line":433,"type":"if","locations":[{"start":{"line":433,"column":8},"end":{"line":433,"column":8}},{"start":{"line":433,"column":8},"end":{"line":433,"column":8}}]},"21":{"line":434,"type":"if","locations":[{"start":{"line":434,"column":12},"end":{"line":434,"column":12}},{"start":{"line":434,"column":12},"end":{"line":434,"column":12}}]},"22":{"line":455,"type":"if","locations":[{"start":{"line":455,"column":8},"end":{"line":455,"column":8}},{"start":{"line":455,"column":8},"end":{"line":455,"column":8}}]},"23":{"line":465,"type":"if","locations":[{"start":{"line":465,"column":8},"end":{"line":465,"column":8}},{"start":{"line":465,"column":8},"end":{"line":465,"column":8}}]},"24":{"line":485,"type":"if","locations":[{"start":{"line":485,"column":8},"end":{"line":485,"column":8}},{"start":{"line":485,"column":8},"end":{"line":485,"column":8}}]},"25":{"line":487,"type":"if","locations":[{"start":{"line":487,"column":8},"end":{"line":487,"column":8}},{"start":{"line":487,"column":8},"end":{"line":487,"column":8}}]},"26":{"line":541,"type":"if","locations":[{"start":{"line":541,"column":8},"end":{"line":541,"column":8}},{"start":{"line":541,"column":8},"end":{"line":541,"column":8}}]},"27":{"line":551,"type":"if","locations":[{"start":{"line":551,"column":8},"end":{"line":551,"column":8}},{"start":{"line":551,"column":8},"end":{"line":551,"column":8}}]},"28":{"line":568,"type":"if","locations":[{"start":{"line":568,"column":8},"end":{"line":568,"column":8}},{"start":{"line":568,"column":8},"end":{"line":568,"column":8}}]},"29":{"line":573,"type":"if","locations":[{"start":{"line":573,"column":12},"end":{"line":573,"column":12}},{"start":{"line":573,"column":12},"end":{"line":573,"column":12}}]},"30":{"line":612,"type":"if","locations":[{"start":{"line":612,"column":8},"end":{"line":612,"column":8}},{"start":{"line":612,"column":8},"end":{"line":612,"column":8}}]},"31":{"line":638,"type":"if","locations":[{"start":{"line":638,"column":12},"end":{"line":638,"column":12}},{"start":{"line":638,"column":12},"end":{"line":638,"column":12}}]},"32":{"line":651,"type":"if","locations":[{"start":{"line":651,"column":16},"end":{"line":651,"column":16}},{"start":{"line":651,"column":16},"end":{"line":651,"column":16}}]},"33":{"line":661,"type":"if","locations":[{"start":{"line":661,"column":20},"end":{"line":661,"column":20}},{"start":{"line":661,"column":20},"end":{"line":661,"column":20}}]},"34":{"line":666,"type":"if","locations":[{"start":{"line":666,"column":20},"end":{"line":666,"column":20}},{"start":{"line":666,"column":20},"end":{"line":666,"column":20}}]},"35":{"line":675,"type":"if","locations":[{"start":{"line":675,"column":16},"end":{"line":675,"column":16}},{"start":{"line":675,"column":16},"end":{"line":675,"column":16}}]},"36":{"line":690,"type":"if","locations":[{"start":{"line":690,"column":12},"end":{"line":690,"column":12}},{"start":{"line":690,"column":12},"end":{"line":690,"column":12}}]},"37":{"line":697,"type":"if","locations":[{"start":{"line":697,"column":12},"end":{"line":697,"column":12}},{"start":{"line":697,"column":12},"end":{"line":697,"column":12}}]},"38":{"line":705,"type":"if","locations":[{"start":{"line":705,"column":12},"end":{"line":705,"column":12}},{"start":{"line":705,"column":12},"end":{"line":705,"column":12}}]},"39":{"line":748,"type":"if","locations":[{"start":{"line":748,"column":8},"end":{"line":748,"column":8}},{"start":{"line":748,"column":8},"end":{"line":748,"column":8}}]},"40":{"line":831,"type":"if","locations":[{"start":{"line":831,"column":8},"end":{"line":831,"column":8}},{"start":{"line":831,"column":8},"end":{"line":831,"column":8}}]},"41":{"line":840,"type":"if","locations":[{"start":{"line":840,"column":8},"end":{"line":840,"column":8}},{"start":{"line":840,"column":8},"end":{"line":840,"column":8}}]},"42":{"line":842,"type":"if","locations":[{"start":{"line":842,"column":16},"end":{"line":842,"column":16}},{"start":{"line":842,"column":16},"end":{"line":842,"column":16}}]}}}}
