TN:
SF:/Users/Baas/repos/cooker/repos/staking/contracts/contracts/CookerStaking.sol
FN:113,constructor
FN:149,totalStakingBalance
FN:161,totalNewStake
FN:173,totalLockedRewards
FN:191,handleNewPeriod
FN:253,increaseWeight
FN:304,updateWeightBatch
FN:356,stake
FN:409,requestWithdrawal
FN:481,withdrawFunds
FN:509,claimRewards
FN:522,claimRewardsAsOwner
FN:538,handleRewards
FN:602,calculateRewards
FN:733,_recoverSigner
FN:745,withdrawRemainingFunds
FN:765,updateSignatureAddress
FN:772,updateMaxNumberOfPeriods
FN:781,updateCoolDownPeriod
FN:790,updateEarlyWithdrawalFee
FN:819,updateExtraRewardMultiplier
FN:829,currentPeriod
FN:839,handleDecreasingMaxWeight
FN:858,activeStakeholder
FN:870,balanceOf
FN:882,checkUpkeep
FN:886,performUpkeep
FNF:27
FNH:26
FNDA:38,constructor
FNDA:2779,totalStakingBalance
FNDA:1245,totalNewStake
FNDA:1213,totalLockedRewards
FNDA:147,handleNewPeriod
FNDA:9,increaseWeight
FNDA:6,updateWeightBatch
FNDA:96,stake
FNDA:9,requestWithdrawal
FNDA:9,withdrawFunds
FNDA:11,claimRewards
FNDA:4,claimRewardsAsOwner
FNDA:126,handleRewards
FNDA:82,calculateRewards
FNDA:9,_recoverSigner
FNDA:1,withdrawRemainingFunds
FNDA:6,updateSignatureAddress
FNDA:1,updateMaxNumberOfPeriods
FNDA:1,updateCoolDownPeriod
FNDA:1,updateEarlyWithdrawalFee
FNDA:3,updateExtraRewardMultiplier
FNDA:648,currentPeriod
FNDA:8,handleDecreasingMaxWeight
FNDA:335,activeStakeholder
FNDA:0,balanceOf
FNDA:7,checkUpkeep
FNDA:2,performUpkeep
DA:124,38
DA:125,38
DA:126,38
DA:127,38
DA:128,38
DA:131,38
DA:132,38
DA:134,38
DA:138,38
DA:150,2779
DA:151,2842
DA:162,1245
DA:163,1259
DA:174,1213
DA:175,1217
DA:193,147
DA:194,3
DA:197,147
DA:199,623
DA:203,623
DA:207,602
DA:214,21
DA:219,623
DA:220,623
DA:221,623
DA:222,623
DA:225,623
DA:226,632
DA:227,632
DA:228,632
DA:229,632
DA:230,603
DA:233,603
DA:236,632
DA:237,31
DA:239,31
DA:241,601
DA:255,9
DA:257,9
DA:260,9
DA:263,5
DA:264,5
DA:268,3
DA:270,2
DA:273,2
DA:274,2
DA:277,2
DA:278,2
DA:281,2
DA:282,2
DA:284,2
DA:285,2
DA:288,2
DA:289,2
DA:295,3
DA:306,6
DA:309,4
DA:310,4
DA:312,4
DA:314,13
DA:315,13
DA:319,12
DA:322,12
DA:323,12
DA:326,12
DA:327,12
DA:330,12
DA:331,12
DA:333,12
DA:334,12
DA:337,12
DA:338,10
DA:344,12
DA:349,4
DA:358,96
DA:359,96
DA:361,96
DA:362,94
DA:366,92
DA:369,92
DA:372,92
DA:373,88
DA:374,1
DA:376,88
DA:377,88
DA:378,88
DA:379,88
DA:383,92
DA:387,92
DA:390,92
DA:392,92
DA:410,9
DA:411,9
DA:414,9
DA:415,0
DA:421,9
DA:422,8
DA:423,8
DA:425,1
DA:428,9
DA:433,9
DA:434,6
DA:435,3
DA:436,3
DA:437,3
DA:439,3
DA:440,3
DA:442,6
DA:443,6
DA:445,3
DA:446,3
DA:449,9
DA:450,9
DA:455,9
DA:456,3
DA:457,3
DA:459,3
DA:460,3
DA:463,9
DA:465,9
DA:466,4
DA:482,9
DA:483,9
DA:485,9
DA:487,9
DA:490,9
DA:491,9
DA:494,9
DA:496,9
DA:498,9
DA:499,9
DA:511,11
DA:512,11
DA:513,11
DA:524,4
DA:525,4
DA:526,13
DA:539,126
DA:541,126
DA:542,0
DA:546,126
DA:551,126
DA:552,105
DA:556,21
DA:559,21
DA:560,21
DA:561,21
DA:564,21
DA:568,21
DA:569,2
DA:570,2
DA:573,2
DA:574,1
DA:575,1
DA:577,1
DA:578,1
DA:580,2
DA:582,19
DA:585,21
DA:604,82
DA:608,82
DA:612,82
DA:613,3
DA:616,79
DA:617,79
DA:620,79
DA:621,79
DA:622,79
DA:623,79
DA:624,79
DA:631,79
DA:635,4553
DA:638,4553
DA:639,921
DA:640,921
DA:641,921
DA:651,3632
DA:652,6
DA:653,6
DA:654,6
DA:659,3632
DA:660,3632
DA:661,3632
DA:662,3632
DA:663,3632
DA:666,3632
DA:667,17
DA:669,17
DA:671,3615
DA:675,3632
DA:676,6
DA:677,6
DA:682,3632
DA:683,3632
DA:684,3632
DA:690,4553
DA:691,4482
DA:692,4482
DA:693,4482
DA:694,4482
DA:697,4553
DA:699,75
DA:700,75
DA:701,75
DA:705,4553
DA:707,95
DA:709,95
DA:711,95
DA:713,95
DA:714,95
DA:716,4458
DA:721,79
DA:734,9
DA:748,1
DA:752,1
DA:758,1
DA:766,6
DA:773,1
DA:774,1
DA:782,1
DA:783,1
DA:791,1
DA:792,1
DA:820,3
DA:821,3
DA:822,3
DA:830,648
DA:831,648
DA:832,0
DA:840,8
DA:841,2
DA:842,2
DA:843,2
DA:844,2
DA:859,335
DA:871,0
DA:873,0
DA:883,7
DA:887,2
LF:239
LH:234
BRDA:193,1,0,3
BRDA:193,1,1,144
BRDA:203,2,0,602
BRDA:203,2,1,21
BRDA:229,3,0,603
BRDA:229,3,1,29
BRDA:236,4,0,31
BRDA:236,4,1,601
BRDA:260,5,0,5
BRDA:260,5,1,4
BRDA:264,6,0,3
BRDA:264,6,1,2
BRDA:268,7,0,2
BRDA:268,7,1,1
BRDA:288,8,0,2
BRDA:288,8,1,0
BRDA:306,9,0,4
BRDA:306,9,1,2
BRDA:315,10,0,1
BRDA:315,10,1,12
BRDA:319,11,0,12
BRDA:319,11,1,0
BRDA:337,12,0,10
BRDA:337,12,1,2
BRDA:361,13,0,94
BRDA:361,13,1,2
BRDA:362,14,0,92
BRDA:362,14,1,2
BRDA:372,15,0,88
BRDA:372,15,1,4
BRDA:373,16,0,1
BRDA:373,16,1,87
BRDA:414,17,0,0
BRDA:414,17,1,9
BRDA:421,18,0,8
BRDA:421,18,1,1
BRDA:428,19,0,9
BRDA:428,19,1,0
BRDA:433,20,0,6
BRDA:433,20,1,3
BRDA:434,21,0,3
BRDA:434,21,1,3
BRDA:455,22,0,3
BRDA:455,22,1,6
BRDA:465,23,0,4
BRDA:465,23,1,5
BRDA:485,24,0,9
BRDA:485,24,1,0
BRDA:487,25,0,9
BRDA:487,25,1,0
BRDA:541,26,0,0
BRDA:541,26,1,126
BRDA:551,27,0,105
BRDA:551,27,1,21
BRDA:568,28,0,2
BRDA:568,28,1,19
BRDA:573,29,0,1
BRDA:573,29,1,1
BRDA:612,30,0,3
BRDA:612,30,1,79
BRDA:638,31,0,921
BRDA:638,31,1,3632
BRDA:651,32,0,6
BRDA:651,32,1,3626
BRDA:661,33,0,3632
BRDA:661,33,1,0
BRDA:666,34,0,17
BRDA:666,34,1,3615
BRDA:675,35,0,6
BRDA:675,35,1,3626
BRDA:690,36,0,4482
BRDA:690,36,1,71
BRDA:697,37,0,75
BRDA:697,37,1,4478
BRDA:705,38,0,95
BRDA:705,38,1,4458
BRDA:748,39,0,1
BRDA:748,39,1,0
BRDA:831,40,0,0
BRDA:831,40,1,648
BRDA:840,41,0,2
BRDA:840,41,1,6
BRDA:842,42,0,2
BRDA:842,42,1,0
BRF:84
BRH:73
end_of_record
